<?xml version="1.0" encoding="UTF-8"?>
<!-- Generated by org.testng.reporters.JUnitReportReporter -->
<testsuite hostname="MohitPrakash-PC" name="base.TC_001" tests="1" failures="0" timestamp="14 May 2017 06:50:15 GMT" time="18.506" errors="0">
  <testcase name="testCase" time="18.506" classname="base.TC_001"/>
</testsuite> <!-- base.TC_001 -->
